TN:
SF:lib/index.js
FN:10,findNearestInteger
FN:20,(anonymous_1)
FN:67,getNearestValue
FN:69,(anonymous_3)
FN:81,(anonymous_4)
FN:87,(anonymous_5)
FN:93,(anonymous_6)
FN:111,getLessEvenNumbers
FN:129,getLessOrEqualEvenNumbers
FN:147,getEvenNumbers
FN:150,(anonymous_10)
FN:161,getEvenNumbersLessThan
FN:165,(anonymous_12)
FN:176,getEvenNumbersLessOrEqualThan
FN:180,(anonymous_14)
FN:191,getEvenNumbersGreaterThan
FN:195,(anonymous_16)
FN:206,getEvenNumbersGreaterOrEqualThan
FN:210,(anonymous_18)
FN:221,isEvenNumber
FN:232,getLessOddNumbers
FN:251,getLessOrEqualOddNumbers
FN:270,getOddNumbers
FN:273,(anonymous_23)
FN:284,getOddNumbersLessThan
FN:288,(anonymous_25)
FN:299,getOddNumbersLessOrEqualThan
FN:303,(anonymous_27)
FN:314,getOddNumbersGreaterThan
FN:318,(anonymous_29)
FN:329,getOddNumbersGreaterOrEqualThan
FN:332,(anonymous_31)
FN:343,isOddNumber
FN:355,getPositivesNumbers
FN:357,(anonymous_34)
FN:368,getNegativesNumbers
FN:370,(anonymous_36)
FN:381,getDivisiblesOf
FN:384,(anonymous_38)
FN:395,getMultiplesOf
FN:398,(anonymous_40)
FN:409,getGreatersThan
FN:412,(anonymous_42)
FN:423,getLessersThan
FN:426,(anonymous_44)
FN:436,getLessPrimeNumbers
FN:452,getLessOrEqualPrimeNumbers
FN:468,getPrimeNumbers
FN:470,(anonymous_48)
FN:481,getPrimeNumbersLessThan
FN:484,(anonymous_50)
FN:495,getPrimeNumbersLessOrEqualThan
FN:498,(anonymous_52)
FN:509,getPrimeNumbersGreaterThan
FN:512,(anonymous_54)
FN:523,getPrimeNumbersGreaterOrEqualThan
FN:526,(anonymous_56)
FN:537,isPrimeNumber
FN:554,checkArrayIntegers
FN:559,(anonymous_59)
FN:564,checkIfIsInteger
FN:570,checkIfPositiveNumber
FN:578,(anonymous_62)
FNF:63
FNH:63
FNDA:8,findNearestInteger
FNDA:37,(anonymous_1)
FNDA:6,getNearestValue
FNDA:15,(anonymous_3)
FNDA:15,(anonymous_4)
FNDA:15,(anonymous_5)
FNDA:2,(anonymous_6)
FNDA:1,getLessEvenNumbers
FNDA:1,getLessOrEqualEvenNumbers
FNDA:1,getEvenNumbers
FNDA:7,(anonymous_10)
FNDA:2,getEvenNumbersLessThan
FNDA:16,(anonymous_12)
FNDA:2,getEvenNumbersLessOrEqualThan
FNDA:16,(anonymous_14)
FNDA:2,getEvenNumbersGreaterThan
FNDA:16,(anonymous_16)
FNDA:2,getEvenNumbersGreaterOrEqualThan
FNDA:17,(anonymous_18)
FNDA:192,isEvenNumber
FNDA:1,getLessOddNumbers
FNDA:1,getLessOrEqualOddNumbers
FNDA:1,getOddNumbers
FNDA:8,(anonymous_23)
FNDA:2,getOddNumbersLessThan
FNDA:16,(anonymous_25)
FNDA:2,getOddNumbersLessOrEqualThan
FNDA:16,(anonymous_27)
FNDA:2,getOddNumbersGreaterThan
FNDA:16,(anonymous_29)
FNDA:2,getOddNumbersGreaterOrEqualThan
FNDA:16,(anonymous_31)
FNDA:97,isOddNumber
FNDA:1,getPositivesNumbers
FNDA:5,(anonymous_34)
FNDA:1,getNegativesNumbers
FNDA:5,(anonymous_36)
FNDA:1,getDivisiblesOf
FNDA:10,(anonymous_38)
FNDA:1,getMultiplesOf
FNDA:10,(anonymous_40)
FNDA:2,getGreatersThan
FNDA:20,(anonymous_42)
FNDA:2,getLessersThan
FNDA:20,(anonymous_44)
FNDA:1,getLessPrimeNumbers
FNDA:1,getLessOrEqualPrimeNumbers
FNDA:1,getPrimeNumbers
FNDA:11,(anonymous_48)
FNDA:1,getPrimeNumbersLessThan
FNDA:11,(anonymous_50)
FNDA:1,getPrimeNumbersLessOrEqualThan
FNDA:11,(anonymous_52)
FNDA:1,getPrimeNumbersGreaterThan
FNDA:11,(anonymous_54)
FNDA:1,getPrimeNumbersGreaterOrEqualThan
FNDA:11,(anonymous_56)
FNDA:76,isPrimeNumber
FNDA:26,checkArrayIntegers
FNDA:175,(anonymous_59)
FNDA:488,checkIfIsInteger
FNDA:86,checkIfPositiveNumber
FNDA:56,(anonymous_62)
DA:11,8
DA:12,8
DA:14,8
DA:16,8
DA:18,8
DA:20,8
DA:21,37
DA:22,18
DA:24,37
DA:25,17
DA:29,8
DA:30,8
DA:32,8
DA:33,2
DA:34,0
DA:36,2
DA:39,6
DA:40,0
DA:41,0
DA:42,6
DA:43,0
DA:44,6
DA:45,3
DA:46,3
DA:47,3
DA:48,0
DA:49,3
DA:50,3
DA:51,0
DA:52,0
DA:53,0
DA:56,6
DA:59,8
DA:68,6
DA:69,6
DA:70,15
DA:71,15
DA:72,15
DA:73,15
DA:75,15
DA:76,15
DA:78,15
DA:81,6
DA:82,15
DA:83,12
DA:87,6
DA:88,15
DA:92,6
DA:93,1
DA:94,2
DA:96,1
DA:98,5
DA:101,6
DA:102,1
DA:105,6
DA:112,1
DA:113,1
DA:114,1
DA:115,1
DA:116,1
DA:117,9
DA:118,4
DA:120,9
DA:123,1
DA:130,1
DA:131,1
DA:132,1
DA:133,1
DA:134,1
DA:135,10
DA:136,5
DA:138,10
DA:141,1
DA:148,1
DA:149,1
DA:150,1
DA:151,7
DA:154,1
DA:162,2
DA:163,2
DA:164,2
DA:165,2
DA:166,16
DA:169,2
DA:177,2
DA:178,2
DA:179,2
DA:180,2
DA:181,16
DA:184,2
DA:192,2
DA:193,2
DA:194,2
DA:195,2
DA:196,16
DA:199,2
DA:207,2
DA:208,2
DA:209,2
DA:210,2
DA:211,17
DA:214,2
DA:222,192
DA:223,192
DA:224,96
DA:226,96
DA:233,1
DA:234,1
DA:235,1
DA:236,1
DA:237,1
DA:238,1
DA:239,10
DA:240,5
DA:242,10
DA:245,1
DA:252,1
DA:253,1
DA:254,1
DA:255,1
DA:256,1
DA:257,1
DA:258,11
DA:259,6
DA:261,11
DA:264,1
DA:271,1
DA:272,1
DA:273,1
DA:274,8
DA:277,1
DA:285,2
DA:286,2
DA:287,2
DA:288,2
DA:289,16
DA:292,2
DA:300,2
DA:301,2
DA:302,2
DA:303,2
DA:304,16
DA:307,2
DA:315,2
DA:316,2
DA:317,2
DA:318,2
DA:319,16
DA:322,2
DA:330,2
DA:331,2
DA:332,2
DA:333,16
DA:336,2
DA:344,97
DA:345,97
DA:346,45
DA:348,52
DA:356,1
DA:357,1
DA:358,5
DA:361,1
DA:369,1
DA:370,1
DA:371,5
DA:374,1
DA:382,1
DA:383,1
DA:384,1
DA:385,10
DA:388,1
DA:396,1
DA:397,1
DA:398,1
DA:399,10
DA:402,1
DA:410,2
DA:411,2
DA:412,2
DA:413,20
DA:416,2
DA:424,2
DA:425,2
DA:426,2
DA:427,20
DA:430,2
DA:437,1
DA:438,1
DA:439,1
DA:440,1
DA:441,9
DA:442,4
DA:446,1
DA:453,1
DA:454,1
DA:455,1
DA:456,1
DA:457,10
DA:458,5
DA:462,1
DA:469,1
DA:470,1
DA:471,11
DA:474,1
DA:482,1
DA:483,1
DA:484,1
DA:485,11
DA:488,1
DA:496,1
DA:497,1
DA:498,1
DA:499,11
DA:502,1
DA:510,1
DA:511,1
DA:512,1
DA:513,11
DA:516,1
DA:524,1
DA:525,1
DA:526,1
DA:527,11
DA:530,1
DA:538,76
DA:539,76
DA:540,76
DA:541,280
DA:542,36
DA:543,36
DA:547,76
DA:548,36
DA:551,40
DA:555,26
DA:556,0
DA:559,26
DA:560,175
DA:565,488
DA:566,0
DA:571,86
DA:572,0
DA:573,86
DA:574,0
DA:578,6
DA:579,56
DA:581,56
LF:246
LH:234
BRDA:21,0,0,18
BRDA:21,0,1,19
BRDA:21,1,0,37
BRDA:21,1,1,23
BRDA:24,2,0,17
BRDA:24,2,1,20
BRDA:24,3,0,37
BRDA:24,3,1,22
BRDA:32,4,0,2
BRDA:32,4,1,6
BRDA:32,5,0,8
BRDA:32,5,1,2
BRDA:32,5,2,2
BRDA:33,6,0,0
BRDA:33,6,1,2
BRDA:39,7,0,0
BRDA:39,7,1,6
BRDA:39,8,0,6
BRDA:39,8,1,0
BRDA:42,9,0,0
BRDA:42,9,1,6
BRDA:42,10,0,6
BRDA:42,10,1,0
BRDA:44,11,0,3
BRDA:44,11,1,3
BRDA:44,12,0,6
BRDA:44,12,1,3
BRDA:47,13,0,0
BRDA:47,13,1,3
BRDA:47,14,0,3
BRDA:47,14,1,0
BRDA:49,15,0,3
BRDA:49,15,1,0
BRDA:49,16,0,3
BRDA:49,16,1,3
BRDA:51,17,0,0
BRDA:51,17,1,0
BRDA:51,18,0,0
BRDA:51,18,1,0
BRDA:72,19,0,4
BRDA:72,19,1,11
BRDA:72,20,0,15
BRDA:72,20,1,7
BRDA:73,21,0,6
BRDA:73,21,1,9
BRDA:82,22,0,12
BRDA:82,22,1,3
BRDA:92,23,0,1
BRDA:92,23,1,5
BRDA:101,24,0,1
BRDA:101,24,1,5
BRDA:101,25,0,6
BRDA:101,25,1,3
BRDA:117,26,0,4
BRDA:117,26,1,5
BRDA:135,27,0,5
BRDA:135,27,1,5
BRDA:166,28,0,16
BRDA:166,28,1,8
BRDA:181,29,0,16
BRDA:181,29,1,8
BRDA:196,30,0,16
BRDA:196,30,1,10
BRDA:211,31,0,17
BRDA:211,31,1,11
BRDA:221,32,0,4
BRDA:223,33,0,96
BRDA:223,33,1,96
BRDA:239,34,0,5
BRDA:239,34,1,5
BRDA:258,35,0,6
BRDA:258,35,1,5
BRDA:289,36,0,16
BRDA:289,36,1,9
BRDA:304,37,0,16
BRDA:304,37,1,9
BRDA:319,38,0,16
BRDA:319,38,1,8
BRDA:333,39,0,16
BRDA:333,39,1,9
BRDA:343,40,0,4
BRDA:345,41,0,45
BRDA:345,41,1,52
BRDA:355,42,0,1
BRDA:368,43,0,1
BRDA:441,44,0,4
BRDA:441,44,1,5
BRDA:457,45,0,5
BRDA:457,45,1,5
BRDA:471,46,0,11
BRDA:471,46,1,11
BRDA:471,46,2,6
BRDA:485,47,0,11
BRDA:485,47,1,6
BRDA:485,47,2,5
BRDA:499,48,0,11
BRDA:499,48,1,6
BRDA:499,48,2,5
BRDA:513,49,0,11
BRDA:513,49,1,6
BRDA:513,49,2,5
BRDA:527,50,0,11
BRDA:527,50,1,6
BRDA:527,50,2,5
BRDA:537,51,0,2
BRDA:541,52,0,36
BRDA:541,52,1,244
BRDA:541,53,0,280
BRDA:541,53,1,71
BRDA:547,54,0,36
BRDA:547,54,1,40
BRDA:555,55,0,0
BRDA:555,55,1,26
BRDA:555,56,0,26
BRDA:555,56,1,26
BRDA:555,56,2,26
BRDA:565,57,0,0
BRDA:565,57,1,488
BRDA:571,58,0,0
BRDA:571,58,1,86
BRDA:573,59,0,0
BRDA:573,59,1,86
BRF:122
BRH:106
end_of_record
